<?xml version="1.0" encoding="UTF-8"?>
<!-- Generated by org.testng.reporters.JUnitReportReporter -->
<testsuite hostname="DESKTOP-H2BH64L" failures="0" tests="1" name="testcases.PunchingTest" time="34.445" errors="0" timestamp="2023-07-02T14:45:37 IST" skipped="0">
  <testcase classname="testcases.PunchingTest" name="punchingtest" time="34.445"/>
  <system-out/>
</testsuite> <!-- testcases.PunchingTest -->
