<?xml version="1.0" encoding="UTF-8"?>
<!-- Generated by org.testng.reporters.JUnitReportReporter -->
<testsuite hostname="DESKTOP-H2BH64L" failures="0" tests="1" name="testcases.ResetPasswordTest" time="18.308" errors="0" timestamp="2023-07-01T18:31:37 IST" skipped="0">
  <testcase classname="testcases.ResetPasswordTest" name="resetPasswordTest" time="18.308"/>
  <system-out/>
</testsuite> <!-- testcases.ResetPasswordTest -->
