<?xml version="1.0" encoding="UTF-8"?>
<!-- Generated by org.testng.reporters.JUnitReportReporter -->
<testsuite hostname="DESKTOP-H2BH64L" failures="0" tests="1" name="testcases.BuzzTest" time="31.724" errors="0" timestamp="2023-07-02T15:25:49 IST" skipped="0">
  <testcase classname="testcases.BuzzTest" name="buzztest" time="31.724"/>
  <system-out/>
</testsuite> <!-- testcases.BuzzTest -->
