<?xml version="1.0" encoding="UTF-8"?>
<!-- Generated by org.testng.reporters.JUnitReportReporter -->
<testsuite hostname="DESKTOP-H2BH64L" failures="0" tests="1" name="testcases.VacancyTest" time="29.511" errors="0" timestamp="2023-07-01T18:31:37 IST" skipped="0">
  <testcase classname="testcases.VacancyTest" name="vacancytest" time="29.511"/>
  <system-out/>
</testsuite> <!-- testcases.VacancyTest -->
